<?xml version="1.0" encoding="UTF-8"?>
<!-- Generated by org.testng.reporters.JUnitReportReporter -->
<testsuite hostname="DESKTOP-CJA0QNI" failures="0" tests="3" name="com.cgi.test.Demo1Test" time="13.350" errors="0" timestamp="2023-07-27T15:20:45 IST" skipped="0">
  <testcase classname="com.cgi.test.Demo1Test" name="validLogin" time="5.918"/>
  <testcase classname="com.cgi.test.Demo1Test" name="validLogin" time="0.851"/>
  <testcase classname="com.cgi.test.Demo1Test" name="validLogin" time="6.581"/>
</testsuite> <!-- com.cgi.test.Demo1Test -->
