<?xml version="1.0" encoding="UTF-8"?>
<!-- Generated by org.testng.reporters.JUnitReportReporter -->
<testsuite hostname="DESKTOP-CJA0QNI" failures="0" tests="1" name="com.cgi.runner.RunnerTest" time="11.278" errors="0" timestamp="2023-07-28T17:29:12 IST" skipped="0">
  <testcase classname="com.cgi.runner.RunnerTest" name="runScenario" time="11.278"/>
</testsuite> <!-- com.cgi.runner.RunnerTest -->
