<?xml version="1.0" encoding="UTF-8"?>
<!-- Generated by org.testng.reporters.JUnitReportReporter -->
<testsuite hostname="DESKTOP-CJA0QNI" failures="0" tests="2" name="com.cgi.test.LoginUITest" time="14.370" errors="0" timestamp="2023-07-28T14:44:51 IST" skipped="0">
  <testcase classname="com.cgi.test.LoginUITest" name="headerTest" time="8.436"/>
  <testcase classname="com.cgi.test.LoginUITest" name="TitleTest" time="5.934"/>
</testsuite> <!-- com.cgi.test.LoginUITest -->
